INFO: seeding the RNG with -1993803915
INFO: Initializing backend 
INFO: Simulation type: MD
INFO: The generator will try to take into account bonded interactions by choosing distances between bonded neighbours no larger than 2.000000
INFO: Using '/Users/alejandrosoto/Documents/KIT/Tools/oxDNA/oxDNA/oxDNA2_sequence_dependent_parameters.txt' as the input for sequence-dependent values
INFO: Converting temperature from Celsius (10.000000 C°) to simulation units (0.094383)
INFO: Using a maximum backbone force of 5  (the corresponding mbf_xmax is 0.120156) and a far value of 0.04
INFO: Running Debye-Huckel at salt concentration =  0.1
INFO: Using different widths for major and minor grooves
INFO: Temperature change detected (new temperature: 10.00 C, 283.15 K), re-initialising the DNA interaction
DEBUG: Debye-Huckel parameters: Q=0.054300, lambda_0=0.361646, lambda=1.111043, r_high=3.333128, cutoff=5.962489
DEBUG: Debye-Huckel parameters: debye_huckel_RC=4.999692e+00, debye_huckel_B=2.920253e-04
INFO: The Debye length at this temperature and salt concentration is 1.111043
INFO: No order parameters file specified in input file; printing indices of any particle pairs that have a hydrogen bond between them
INFO: No order parameters file specified in input file; printing indices of any particle pairs that have a hydrogen bond between them
INFO: pid: 8651
DEBUG: Debye-Huckel parameters: Q=0.054300, lambda_0=0.361646, lambda=1.111043, r_high=3.333128, cutoff=5.962489
DEBUG: Debye-Huckel parameters: debye_huckel_RC=4.999692e+00, debye_huckel_B=2.920253e-04
INFO: The Debye length at this temperature and salt concentration is 1.111043
INFO: (Cells.cpp) N_cells_side: 5, 5, 5; rcut=6.56249, IS_MC: 0
INFO: N: 120, N molecules: 3
INFO: Using randomly distributed velocities
INFO: Initial kinetic energy: 31.970980
INFO: Langevin thermostat parameters: gamma, gamma_rot, diff, diff_rot: 0.0377533 0.0125844 2.5 7.5
INFO: RELEASE: 
INFO: GIT COMMIT: 
INFO: COMPILED ON: 27/09/23

INFO: Total Running Time: 2518.63 s, per step: 0.251863 ms
INFO: Timings, in seconds, by Timer (total, own, spent in children)
> SimBackend                       2518.633 (100.0)       14.703 (  0.6)     2503.930 ( 99.4)
***> Lists                            9.172 (  0.4)        9.172 (  0.4)        0.000 (  0.0)
***> Thermostat                      76.083 (  3.0)       76.083 (  3.0)        0.000 (  0.0)
***> Forces                        2378.982 ( 94.5)     2378.982 ( 94.5)        0.000 (  0.0)
***> First Step                      30.896 (  1.2)       30.896 (  1.2)        0.000 (  0.0)
***> Observables                      8.797 (  0.3)        8.797 (  0.3)        0.000 (  0.0)

INFO: END OF THE SIMULATION, everything went OK!
INFO: Lists updated 111066 times (every ~90.036555 steps)
INFO: Aggregated I/O statistics (set debug=1 for file-wise information)
	  8.886 MB written to files
	  6.115 KB written to stdout/stderr
	For a total of  0.00353 MB/s

Please cite at least the following publication for any work that uses the oxDNA simulation package
  * E. Poppleton et al., J. Open Source Softw. 8, 4693 (2023), DOI: 10.21105/joss.04693
