           0         0.0000  -1.607079   0.330255  -1.276824 
      100000       300.0000  -1.377602   0.320234  -1.057368 
      200000       600.0000  -0.971028   0.332165  -0.638862 
      300000       900.0000  -0.786878   0.392645  -0.394233 
      400000      1200.0000  -0.674189   0.374417  -0.299772 
      500000      1500.0000  -0.554593   0.286133  -0.268460 
      600000      1800.0000  -0.568499   0.353469  -0.215030 
      700000      2100.0000  -0.559651   0.345411  -0.214240 
      800000      2400.0000  -0.447076   0.299477  -0.147599 
      900000      2700.0000  -0.602710   0.376946  -0.225764 
     1000000      3000.0000  -0.544852   0.315866  -0.228986 
INFO: seeding the RNG with -1385457749
INFO: Initializing backend 

WARNING: The 'backend_precision' option cannot be set by input file when running on CPU

INFO: Simulation type: MD
INFO: The generator will try to take into account bonded interactions by choosing distances between bonded neighbours no larger than 2.000000
INFO: Using 'oxDNA2_sequence_dependent_parameters.txt' as the input for sequence-dependent values
INFO: Converting temperature from Celsius (60.000000 C°) to simulation units (0.111050)
INFO: Running Debye-Huckel at salt concentration =  0.1
INFO: Using different widths for major and minor grooves
INFO: Temperature change detected (new temperature: 60.00 C, 333.15 K), re-initialising the DNA interaction
DEBUG: Debye-Huckel parameters: Q=0.054300, lambda_0=0.361646, lambda=1.205153, r_high=3.615460, cutoff=6.385988
DEBUG: Debye-Huckel parameters: debye_huckel_RC=5.423190e+00, debye_huckel_B=2.288156e-04
INFO: The Debye length at this temperature and salt concentration is 1.205153
INFO: Parsing JSON observable file observables.json
INFO:    Observable file parsed
INFO: Setting the maximum IO limit to 5 MB/s
INFO: pid: 57180
DEBUG: Debye-Huckel parameters: Q=0.054300, lambda_0=0.361646, lambda=1.205153, r_high=3.615460, cutoff=6.385988
DEBUG: Debye-Huckel parameters: debye_huckel_RC=5.423190e+00, debye_huckel_B=2.288156e-04
INFO: The Debye length at this temperature and salt concentration is 1.205153
INFO: Parsing JSON force file forces.json
INFO: Adding a COM force of stiffness = 3.000000, r0 = 0.421300, rate = 0.000024 on particle 51
INFO: Adding a COM force of stiffness = 3.000000, r0 = 0.421300, rate = 0.000024 on particle 50
INFO: Adding a COM force of stiffness = 3.000000, r0 = 0.421300, rate = 0.000024 on particle 49
INFO: Adding a COM force of stiffness = 3.000000, r0 = 0.421300, rate = 0.000024 on particle 48
INFO: Adding a COM force of stiffness = 3.000000, r0 = 0.421300, rate = 0.000024 on particle 47
INFO: Adding a COM force of stiffness = 3.000000, r0 = 0.421300, rate = 0.000024 on particle 46
INFO: Adding a COM force of stiffness = 3.000000, r0 = 0.421300, rate = 0.000024 on particle 45
INFO: Adding a COM force of stiffness = 3.000000, r0 = 0.421300, rate = 0.000024 on particle 44
INFO: Adding a COM force of stiffness = 3.000000, r0 = 0.421300, rate = 0.000024 on particle 43
INFO: Adding a COM force of stiffness = 3.000000, r0 = 0.421300, rate = 0.000024 on particle 42
INFO: Adding a COM force of stiffness = 3.000000, r0 = 0.421300, rate = 0.000024 on particle 41
INFO: Adding a COM force of stiffness = 3.000000, r0 = 0.421300, rate = 0.000024 on particle 40
INFO: Adding a COM force of stiffness = 3.000000, r0 = 0.421300, rate = 0.000024 on particle 39
INFO: Adding a COM force of stiffness = 3.000000, r0 = 0.421300, rate = 0.000024 on particle 38
INFO: Adding a COM force of stiffness = 3.000000, r0 = 0.421300, rate = 0.000024 on particle 37
INFO: Adding a COM force of stiffness = 3.000000, r0 = 0.421300, rate = 0.000024 on particle 36
INFO: Adding a COM force of stiffness = 3.000000, r0 = 0.421300, rate = 0.000024 on particle 35
INFO: Adding a COM force of stiffness = 3.000000, r0 = 0.421300, rate = 0.000024 on particle 34
INFO: Adding a COM force of stiffness = 3.000000, r0 = 0.421300, rate = 0.000024 on particle 33
INFO: Adding a COM force of stiffness = 3.000000, r0 = 0.421300, rate = 0.000024 on particle 32
INFO: Adding a COM force of stiffness = 3.000000, r0 = 0.421300, rate = 0.000024 on particle 31
INFO: Adding a COM force of stiffness = 3.000000, r0 = 0.421300, rate = 0.000024 on particle 30
INFO: Adding a COM force of stiffness = 3.000000, r0 = 0.421300, rate = 0.000024 on particle 29
INFO: Adding a COM force of stiffness = 3.000000, r0 = 0.421300, rate = 0.000024 on particle 28
INFO: Adding a COM force of stiffness = 3.000000, r0 = 0.421300, rate = 0.000024 on particle 27
INFO: Adding a COM force of stiffness = 3.000000, r0 = 0.421300, rate = 0.000024 on particle 26
INFO: Adding a COM force of stiffness = 3.000000, r0 = 0.421300, rate = 0.000024 on particle 0
INFO: Adding a COM force of stiffness = 3.000000, r0 = 0.421300, rate = 0.000024 on particle 1
INFO: Adding a COM force of stiffness = 3.000000, r0 = 0.421300, rate = 0.000024 on particle 2
INFO: Adding a COM force of stiffness = 3.000000, r0 = 0.421300, rate = 0.000024 on particle 3
INFO: Adding a COM force of stiffness = 3.000000, r0 = 0.421300, rate = 0.000024 on particle 4
INFO: Adding a COM force of stiffness = 3.000000, r0 = 0.421300, rate = 0.000024 on particle 5
INFO: Adding a COM force of stiffness = 3.000000, r0 = 0.421300, rate = 0.000024 on particle 6
INFO: Adding a COM force of stiffness = 3.000000, r0 = 0.421300, rate = 0.000024 on particle 7
INFO: Adding a COM force of stiffness = 3.000000, r0 = 0.421300, rate = 0.000024 on particle 8
INFO: Adding a COM force of stiffness = 3.000000, r0 = 0.421300, rate = 0.000024 on particle 9
INFO: Adding a COM force of stiffness = 3.000000, r0 = 0.421300, rate = 0.000024 on particle 10
INFO: Adding a COM force of stiffness = 3.000000, r0 = 0.421300, rate = 0.000024 on particle 11
INFO: Adding a COM force of stiffness = 3.000000, r0 = 0.421300, rate = 0.000024 on particle 12
INFO: Adding a COM force of stiffness = 3.000000, r0 = 0.421300, rate = 0.000024 on particle 13
INFO: Adding a COM force of stiffness = 3.000000, r0 = 0.421300, rate = 0.000024 on particle 14
INFO: Adding a COM force of stiffness = 3.000000, r0 = 0.421300, rate = 0.000024 on particle 15
INFO: Adding a COM force of stiffness = 3.000000, r0 = 0.421300, rate = 0.000024 on particle 16
INFO: Adding a COM force of stiffness = 3.000000, r0 = 0.421300, rate = 0.000024 on particle 17
INFO: Adding a COM force of stiffness = 3.000000, r0 = 0.421300, rate = 0.000024 on particle 18
INFO: Adding a COM force of stiffness = 3.000000, r0 = 0.421300, rate = 0.000024 on particle 19
INFO: Adding a COM force of stiffness = 3.000000, r0 = 0.421300, rate = 0.000024 on particle 20
INFO: Adding a COM force of stiffness = 3.000000, r0 = 0.421300, rate = 0.000024 on particle 21
INFO: Adding a COM force of stiffness = 3.000000, r0 = 0.421300, rate = 0.000024 on particle 22
INFO: Adding a COM force of stiffness = 3.000000, r0 = 0.421300, rate = 0.000024 on particle 23
INFO: Adding a COM force of stiffness = 3.000000, r0 = 0.421300, rate = 0.000024 on particle 24
INFO: Adding a COM force of stiffness = 3.000000, r0 = 0.421300, rate = 0.000024 on particle 25
INFO:    Force file parsed
INFO: (Cells.cpp) N_cells_side: 5, 5, 5; rcut=6.98599, IS_MC: 0
INFO: Parsing order parameter file hb_list.txt
INFO: Order parameter type bond found, processing
INFO: --> Adding HB pair (51, 0) to order parameter `all_native_bonds'
INFO: --> Adding HB pair (50, 16) to order parameter `all_native_bonds'
INFO: --> Adding HB pair (36, 3) to order parameter `all_native_bonds'
INFO: --> Adding HB pair (36, 9) to order parameter `all_native_bonds'
INFO: --> Adding HB pair (36, 10) to order parameter `all_native_bonds'
INFO: --> Adding HB pair (36, 15) to order parameter `all_native_bonds'
INFO: --> Adding HB pair (36, 20) to order parameter `all_native_bonds'
INFO: --> Adding HB pair (36, 21) to order parameter `all_native_bonds'
INFO: --> Adding HB pair (36, 23) to order parameter `all_native_bonds'
INFO: --> Adding HB pair (36, 25) to order parameter `all_native_bonds'
INFO: --> Adding HB pair (35, 1) to order parameter `all_native_bonds'
INFO: --> Adding HB pair (35, 2) to order parameter `all_native_bonds'
INFO: --> Adding HB pair (50, 22) to order parameter `all_native_bonds'
INFO: --> Adding HB pair (35, 7) to order parameter `all_native_bonds'
INFO: --> Adding HB pair (35, 11) to order parameter `all_native_bonds'
INFO: --> Adding HB pair (35, 13) to order parameter `all_native_bonds'
INFO: --> Adding HB pair (35, 16) to order parameter `all_native_bonds'
INFO: --> Adding HB pair (35, 22) to order parameter `all_native_bonds'
INFO: --> Adding HB pair (34, 5) to order parameter `all_native_bonds'
INFO: --> Adding HB pair (34, 6) to order parameter `all_native_bonds'
INFO: --> Adding HB pair (34, 8) to order parameter `all_native_bonds'
INFO: --> Adding HB pair (34, 12) to order parameter `all_native_bonds'
INFO: --> Adding HB pair (34, 17) to order parameter `all_native_bonds'
INFO: --> Adding HB pair (49, 1) to order parameter `all_native_bonds'
INFO: --> Adding HB pair (34, 19) to order parameter `all_native_bonds'
INFO: --> Adding HB pair (34, 24) to order parameter `all_native_bonds'
INFO: --> Adding HB pair (33, 0) to order parameter `all_native_bonds'
INFO: --> Adding HB pair (33, 4) to order parameter `all_native_bonds'
INFO: --> Adding HB pair (33, 14) to order parameter `all_native_bonds'
INFO: --> Adding HB pair (33, 18) to order parameter `all_native_bonds'
INFO: --> Adding HB pair (32, 5) to order parameter `all_native_bonds'
INFO: --> Adding HB pair (32, 6) to order parameter `all_native_bonds'
INFO: --> Adding HB pair (32, 8) to order parameter `all_native_bonds'
INFO: --> Adding HB pair (32, 12) to order parameter `all_native_bonds'
INFO: --> Adding HB pair (49, 2) to order parameter `all_native_bonds'
INFO: --> Adding HB pair (32, 17) to order parameter `all_native_bonds'
INFO: --> Adding HB pair (32, 19) to order parameter `all_native_bonds'
INFO: --> Adding HB pair (32, 24) to order parameter `all_native_bonds'
INFO: --> Adding HB pair (31, 3) to order parameter `all_native_bonds'
INFO: --> Adding HB pair (31, 9) to order parameter `all_native_bonds'
INFO: --> Adding HB pair (31, 10) to order parameter `all_native_bonds'
INFO: --> Adding HB pair (31, 15) to order parameter `all_native_bonds'
INFO: --> Adding HB pair (31, 20) to order parameter `all_native_bonds'
INFO: --> Adding HB pair (31, 21) to order parameter `all_native_bonds'
INFO: --> Adding HB pair (31, 23) to order parameter `all_native_bonds'
INFO: --> Adding HB pair (49, 7) to order parameter `all_native_bonds'
INFO: --> Adding HB pair (31, 25) to order parameter `all_native_bonds'
INFO: --> Adding HB pair (30, 3) to order parameter `all_native_bonds'
INFO: --> Adding HB pair (30, 9) to order parameter `all_native_bonds'
INFO: --> Adding HB pair (30, 10) to order parameter `all_native_bonds'
INFO: --> Adding HB pair (30, 15) to order parameter `all_native_bonds'
INFO: --> Adding HB pair (30, 20) to order parameter `all_native_bonds'
INFO: --> Adding HB pair (30, 21) to order parameter `all_native_bonds'
INFO: --> Adding HB pair (30, 23) to order parameter `all_native_bonds'
INFO: --> Adding HB pair (30, 25) to order parameter `all_native_bonds'
INFO: --> Adding HB pair (29, 1) to order parameter `all_native_bonds'
INFO: --> Adding HB pair (49, 11) to order parameter `all_native_bonds'
INFO: --> Adding HB pair (29, 2) to order parameter `all_native_bonds'
INFO: --> Adding HB pair (29, 7) to order parameter `all_native_bonds'
INFO: --> Adding HB pair (29, 11) to order parameter `all_native_bonds'
INFO: --> Adding HB pair (29, 13) to order parameter `all_native_bonds'
INFO: --> Adding HB pair (29, 16) to order parameter `all_native_bonds'
INFO: --> Adding HB pair (29, 22) to order parameter `all_native_bonds'
INFO: --> Adding HB pair (28, 3) to order parameter `all_native_bonds'
INFO: --> Adding HB pair (28, 9) to order parameter `all_native_bonds'
INFO: --> Adding HB pair (28, 10) to order parameter `all_native_bonds'
INFO: --> Adding HB pair (28, 15) to order parameter `all_native_bonds'
INFO: --> Adding HB pair (49, 13) to order parameter `all_native_bonds'
INFO: --> Adding HB pair (28, 20) to order parameter `all_native_bonds'
INFO: --> Adding HB pair (28, 21) to order parameter `all_native_bonds'
INFO: --> Adding HB pair (28, 23) to order parameter `all_native_bonds'
INFO: --> Adding HB pair (28, 25) to order parameter `all_native_bonds'
INFO: --> Adding HB pair (27, 5) to order parameter `all_native_bonds'
INFO: --> Adding HB pair (27, 6) to order parameter `all_native_bonds'
INFO: --> Adding HB pair (27, 8) to order parameter `all_native_bonds'
INFO: --> Adding HB pair (27, 12) to order parameter `all_native_bonds'
INFO: --> Adding HB pair (27, 17) to order parameter `all_native_bonds'
INFO: --> Adding HB pair (27, 19) to order parameter `all_native_bonds'
INFO: --> Adding HB pair (49, 16) to order parameter `all_native_bonds'
INFO: --> Adding HB pair (27, 24) to order parameter `all_native_bonds'
INFO: --> Adding HB pair (26, 3) to order parameter `all_native_bonds'
INFO: --> Adding HB pair (26, 9) to order parameter `all_native_bonds'
INFO: --> Adding HB pair (26, 10) to order parameter `all_native_bonds'
INFO: --> Adding HB pair (26, 15) to order parameter `all_native_bonds'
INFO: --> Adding HB pair (26, 20) to order parameter `all_native_bonds'
INFO: --> Adding HB pair (26, 21) to order parameter `all_native_bonds'
INFO: --> Adding HB pair (26, 23) to order parameter `all_native_bonds'
INFO: --> Adding HB pair (26, 25) to order parameter `all_native_bonds'
INFO: --> Adding HB pair (49, 22) to order parameter `all_native_bonds'
INFO: --> Adding HB pair (48, 3) to order parameter `all_native_bonds'
INFO: --> Adding HB pair (51, 4) to order parameter `all_native_bonds'
INFO: --> Adding HB pair (48, 9) to order parameter `all_native_bonds'
INFO: --> Adding HB pair (48, 10) to order parameter `all_native_bonds'
INFO: --> Adding HB pair (48, 15) to order parameter `all_native_bonds'
INFO: --> Adding HB pair (48, 20) to order parameter `all_native_bonds'
INFO: --> Adding HB pair (48, 21) to order parameter `all_native_bonds'
INFO: --> Adding HB pair (48, 23) to order parameter `all_native_bonds'
INFO: --> Adding HB pair (48, 25) to order parameter `all_native_bonds'
INFO: --> Adding HB pair (47, 0) to order parameter `all_native_bonds'
INFO: --> Adding HB pair (47, 4) to order parameter `all_native_bonds'
INFO: --> Adding HB pair (47, 14) to order parameter `all_native_bonds'
INFO: --> Adding HB pair (51, 14) to order parameter `all_native_bonds'
INFO: --> Adding HB pair (47, 18) to order parameter `all_native_bonds'
INFO: --> Adding HB pair (46, 5) to order parameter `all_native_bonds'
INFO: --> Adding HB pair (46, 6) to order parameter `all_native_bonds'
INFO: --> Adding HB pair (46, 8) to order parameter `all_native_bonds'
INFO: --> Adding HB pair (46, 12) to order parameter `all_native_bonds'
INFO: --> Adding HB pair (46, 17) to order parameter `all_native_bonds'
INFO: --> Adding HB pair (46, 19) to order parameter `all_native_bonds'
INFO: --> Adding HB pair (46, 24) to order parameter `all_native_bonds'
INFO: --> Adding HB pair (45, 5) to order parameter `all_native_bonds'
INFO: --> Adding HB pair (45, 6) to order parameter `all_native_bonds'
INFO: --> Adding HB pair (51, 18) to order parameter `all_native_bonds'
INFO: --> Adding HB pair (45, 8) to order parameter `all_native_bonds'
INFO: --> Adding HB pair (45, 12) to order parameter `all_native_bonds'
INFO: --> Adding HB pair (45, 17) to order parameter `all_native_bonds'
INFO: --> Adding HB pair (45, 19) to order parameter `all_native_bonds'
INFO: --> Adding HB pair (45, 24) to order parameter `all_native_bonds'
INFO: --> Adding HB pair (44, 1) to order parameter `all_native_bonds'
INFO: --> Adding HB pair (44, 2) to order parameter `all_native_bonds'
INFO: --> Adding HB pair (44, 7) to order parameter `all_native_bonds'
INFO: --> Adding HB pair (44, 11) to order parameter `all_native_bonds'
INFO: --> Adding HB pair (44, 13) to order parameter `all_native_bonds'
INFO: --> Adding HB pair (50, 1) to order parameter `all_native_bonds'
INFO: --> Adding HB pair (44, 16) to order parameter `all_native_bonds'
INFO: --> Adding HB pair (44, 22) to order parameter `all_native_bonds'
INFO: --> Adding HB pair (43, 5) to order parameter `all_native_bonds'
INFO: --> Adding HB pair (43, 6) to order parameter `all_native_bonds'
INFO: --> Adding HB pair (43, 8) to order parameter `all_native_bonds'
INFO: --> Adding HB pair (43, 12) to order parameter `all_native_bonds'
INFO: --> Adding HB pair (43, 17) to order parameter `all_native_bonds'
INFO: --> Adding HB pair (43, 19) to order parameter `all_native_bonds'
INFO: --> Adding HB pair (43, 24) to order parameter `all_native_bonds'
INFO: --> Adding HB pair (42, 3) to order parameter `all_native_bonds'
INFO: --> Adding HB pair (50, 2) to order parameter `all_native_bonds'
INFO: --> Adding HB pair (42, 9) to order parameter `all_native_bonds'
INFO: --> Adding HB pair (42, 10) to order parameter `all_native_bonds'
INFO: --> Adding HB pair (42, 15) to order parameter `all_native_bonds'
INFO: --> Adding HB pair (42, 20) to order parameter `all_native_bonds'
INFO: --> Adding HB pair (42, 21) to order parameter `all_native_bonds'
INFO: --> Adding HB pair (42, 23) to order parameter `all_native_bonds'
INFO: --> Adding HB pair (42, 25) to order parameter `all_native_bonds'
INFO: --> Adding HB pair (41, 3) to order parameter `all_native_bonds'
INFO: --> Adding HB pair (41, 9) to order parameter `all_native_bonds'
INFO: --> Adding HB pair (41, 10) to order parameter `all_native_bonds'
INFO: --> Adding HB pair (50, 7) to order parameter `all_native_bonds'
INFO: --> Adding HB pair (41, 15) to order parameter `all_native_bonds'
INFO: --> Adding HB pair (41, 20) to order parameter `all_native_bonds'
INFO: --> Adding HB pair (41, 21) to order parameter `all_native_bonds'
INFO: --> Adding HB pair (41, 23) to order parameter `all_native_bonds'
INFO: --> Adding HB pair (41, 25) to order parameter `all_native_bonds'
INFO: --> Adding HB pair (40, 1) to order parameter `all_native_bonds'
INFO: --> Adding HB pair (40, 2) to order parameter `all_native_bonds'
INFO: --> Adding HB pair (40, 7) to order parameter `all_native_bonds'
INFO: --> Adding HB pair (40, 11) to order parameter `all_native_bonds'
INFO: --> Adding HB pair (40, 13) to order parameter `all_native_bonds'
INFO: --> Adding HB pair (50, 11) to order parameter `all_native_bonds'
INFO: --> Adding HB pair (40, 16) to order parameter `all_native_bonds'
INFO: --> Adding HB pair (40, 22) to order parameter `all_native_bonds'
INFO: --> Adding HB pair (39, 5) to order parameter `all_native_bonds'
INFO: --> Adding HB pair (39, 6) to order parameter `all_native_bonds'
INFO: --> Adding HB pair (39, 8) to order parameter `all_native_bonds'
INFO: --> Adding HB pair (39, 12) to order parameter `all_native_bonds'
INFO: --> Adding HB pair (39, 17) to order parameter `all_native_bonds'
INFO: --> Adding HB pair (39, 19) to order parameter `all_native_bonds'
INFO: --> Adding HB pair (39, 24) to order parameter `all_native_bonds'
INFO: --> Adding HB pair (38, 1) to order parameter `all_native_bonds'
INFO: --> Adding HB pair (50, 13) to order parameter `all_native_bonds'
INFO: --> Adding HB pair (38, 2) to order parameter `all_native_bonds'
INFO: --> Adding HB pair (38, 7) to order parameter `all_native_bonds'
INFO: --> Adding HB pair (38, 11) to order parameter `all_native_bonds'
INFO: --> Adding HB pair (38, 13) to order parameter `all_native_bonds'
INFO: --> Adding HB pair (38, 16) to order parameter `all_native_bonds'
INFO: --> Adding HB pair (38, 22) to order parameter `all_native_bonds'
INFO: --> Adding HB pair (37, 0) to order parameter `all_native_bonds'
INFO: --> Adding HB pair (37, 4) to order parameter `all_native_bonds'
INFO: --> Adding HB pair (37, 14) to order parameter `all_native_bonds'
INFO: --> Adding HB pair (37, 18) to order parameter `all_native_bonds'
INFO:  File hb_list.txt parsed; found 1 hb_dim, 0 dist_dim
INFO: N: 52, N molecules: 2
INFO: Using randomly distributed velocities
INFO: Initial kinetic energy: 17.173272
/home/alejandrosoto/Documents/oxDNA_python/ipy_oxDNA/examples/tutorials/linkerl1_26bp_different_c1/ipy_oxdna/oxdna_simulation.py:592: RuntimeWarning: overflow encountered in exp
  final = np.sum(1 / (1 + np.exp((new_pos - r0 * shape) * gamma))) / np.float64(new_pos.shape[0])

INFO: Total Running Time: 151.178 s, per step: 0.151178 ms
INFO: Timings, in seconds, by Timer (total, own, spent in children)
> SimBackend                        151.178 (100.0%)        3.791 (  2.5%)      147.387 ( 97.5%)
***> Lists                            0.860 (  0.6%)        0.860 (  0.6%)        0.000 (  0.0%)
***> Thermostat                       0.638 (  0.4%)        0.638 (  0.4%)        0.000 (  0.0%)
***> Forces                         137.775 ( 91.1%)      137.775 ( 91.1%)        0.000 (  0.0%)
***> First Step                       6.678 (  4.4%)        6.678 (  4.4%)        0.000 (  0.0%)
***> Observables                      1.436 (  1.0%)        1.436 (  1.0%)        0.000 (  0.0%)


Please cite at least the following publication for any work that uses the oxDNA simulation package
  * E. Poppleton et al., J. Open Source Softw. 8, 4693 (2023), DOI: 10.21105/joss.04693
Run time: 153.7986984559975