INFO: seeding the RNG with 2101561410
INFO: Initializing backend 
INFO: Simulation type: MD
INFO: The generator will try to take into account bonded interactions by choosing distances between bonded neighbours no larger than 2.000000
INFO: Using '/Users/alejandrosoto/Documents/KIT/Tools/oxDNA/oxDNA/oxDNA2_sequence_dependent_parameters.txt' as the input for sequence-dependent values
INFO: Converting temperature from Celsius (50.000000 C°) to simulation units (0.107717)
INFO: Using a maximum backbone force of 5  (the corresponding mbf_xmax is 0.120156) and a far value of 0.04
INFO: Running Debye-Huckel at salt concentration =  0.1
INFO: Using different widths for major and minor grooves
INFO: Temperature change detected (new temperature: 50.00 C, 323.15 K), re-initialising the DNA interaction
DEBUG: Debye-Huckel parameters: Q=0.054300, lambda_0=0.361646, lambda=1.186928, r_high=3.560785, cutoff=6.303975
DEBUG: Debye-Huckel parameters: debye_huckel_RC=5.341178e+00, debye_huckel_B=2.395185e-04
INFO: The Debye length at this temperature and salt concentration is 1.186928
INFO: No order parameters file specified in input file; printing indices of any particle pairs that have a hydrogen bond between them
INFO: No order parameters file specified in input file; printing indices of any particle pairs that have a hydrogen bond between them
INFO: pid: 33610
DEBUG: Debye-Huckel parameters: Q=0.054300, lambda_0=0.361646, lambda=1.186928, r_high=3.560785, cutoff=6.303975
DEBUG: Debye-Huckel parameters: debye_huckel_RC=5.341178e+00, debye_huckel_B=2.395185e-04
INFO: The Debye length at this temperature and salt concentration is 1.186928
INFO: (Cells.cpp) N_cells_side: 4, 4, 4; rcut=6.90398, IS_MC: 0
INFO: N: 120, N molecules: 3
INFO: Using randomly distributed velocities
INFO: Initial kinetic energy: 37.861091
INFO: Langevin thermostat parameters: gamma, gamma_rot, diff, diff_rot: 0.0430867 0.0143622 2.5 7.5
INFO: RELEASE: 
INFO: GIT COMMIT: 
INFO: COMPILED ON: 27/09/23

INFO: Total Running Time: 2636.05 s, per step: 0.263605 ms
INFO: Timings, in seconds, by Timer (total, own, spent in children)
> SimBackend                       2636.046 (100.0)       14.208 (  0.5)     2621.838 ( 99.5)
***> Lists                           11.130 (  0.4)       11.130 (  0.4)        0.000 (  0.0)
***> Thermostat                      74.851 (  2.8)       74.851 (  2.8)        0.000 (  0.0)
***> Forces                        2496.121 ( 94.7)     2496.121 ( 94.7)        0.000 (  0.0)
***> First Step                      30.962 (  1.2)       30.962 (  1.2)        0.000 (  0.0)
***> Observables                      8.773 (  0.3)        8.773 (  0.3)        0.000 (  0.0)

INFO: END OF THE SIMULATION, everything went OK!
INFO: Lists updated 138680 times (every ~72.108451 steps)
INFO: Aggregated I/O statistics (set debug=1 for file-wise information)
	  8.800 MB written to files
	  6.115 KB written to stdout/stderr
	For a total of  0.00334 MB/s

Please cite at least the following publication for any work that uses the oxDNA simulation package
  * E. Poppleton et al., J. Open Source Softw. 8, 4693 (2023), DOI: 10.21105/joss.04693
