INFO: seeding the RNG with 2100394856
INFO: Initializing backend 
INFO: Simulation type: MD
INFO: The generator will try to take into account bonded interactions by choosing distances between bonded neighbours no larger than 2.000000
INFO: Using '/Users/alejandrosoto/Documents/KIT/Tools/oxDNA/oxDNA/oxDNA2_sequence_dependent_parameters.txt' as the input for sequence-dependent values
INFO: Converting temperature from Celsius (80.000000 C°) to simulation units (0.117717)
INFO: Using a maximum backbone force of 5  (the corresponding mbf_xmax is 0.120156) and a far value of 0.04
INFO: Running Debye-Huckel at salt concentration =  0.1
INFO: Using different widths for major and minor grooves
INFO: Temperature change detected (new temperature: 80.00 C, 353.15 K), re-initialising the DNA interaction
DEBUG: Debye-Huckel parameters: Q=0.054300, lambda_0=0.361646, lambda=1.240801, r_high=3.722402, cutoff=6.546401
DEBUG: Debye-Huckel parameters: debye_huckel_RC=5.583603e+00, debye_huckel_B=2.096556e-04
INFO: The Debye length at this temperature and salt concentration is 1.240801
INFO: No order parameters file specified in input file; printing indices of any particle pairs that have a hydrogen bond between them
INFO: No order parameters file specified in input file; printing indices of any particle pairs that have a hydrogen bond between them
INFO: pid: 53359
DEBUG: Debye-Huckel parameters: Q=0.054300, lambda_0=0.361646, lambda=1.240801, r_high=3.722402, cutoff=6.546401
DEBUG: Debye-Huckel parameters: debye_huckel_RC=5.583603e+00, debye_huckel_B=2.096556e-04
INFO: The Debye length at this temperature and salt concentration is 1.240801
INFO: (Cells.cpp) N_cells_side: 4, 4, 4; rcut=7.1464, IS_MC: 0
INFO: N: 120, N molecules: 3
INFO: Using randomly distributed velocities
INFO: Initial kinetic energy: 45.622779
INFO: Langevin thermostat parameters: gamma, gamma_rot, diff, diff_rot: 0.0470867 0.0156956 2.5 7.5
INFO: RELEASE: 
INFO: GIT COMMIT: 
INFO: COMPILED ON: 27/09/23

INFO: Total Running Time: 1275.74 s, per step: 0.127574 ms
INFO: Timings, in seconds, by Timer (total, own, spent in children)
> SimBackend                       1275.741 (100.0)       13.698 (  1.1)     1262.043 ( 98.9)
***> Lists                            9.255 (  0.7)        9.255 (  0.7)        0.000 (  0.0)
***> Thermostat                      73.193 (  5.7)       73.193 (  5.7)        0.000 (  0.0)
***> Forces                        1141.539 ( 89.5)     1141.539 ( 89.5)        0.000 (  0.0)
***> First Step                      31.139 (  2.4)       31.139 (  2.4)        0.000 (  0.0)
***> Observables                      6.916 (  0.5)        6.916 (  0.5)        0.000 (  0.0)

INFO: END OF THE SIMULATION, everything went OK!
INFO: Lists updated 178101 times (every ~56.147916 steps)
INFO: Aggregated I/O statistics (set debug=1 for file-wise information)
	  6.512 MB written to files
	  6.115 KB written to stdout/stderr
	For a total of  0.00511 MB/s

Please cite at least the following publication for any work that uses the oxDNA simulation package
  * E. Poppleton et al., J. Open Source Softw. 8, 4693 (2023), DOI: 10.21105/joss.04693
