INFO: seeding the RNG with -699435710
INFO: Initializing backend 
INFO: Simulation type: MD
INFO: The generator will try to take into account bonded interactions by choosing distances between bonded neighbours no larger than 2.000000
INFO: Using '/Users/alejandrosoto/Documents/KIT/Tools/oxDNA/oxDNA/oxDNA2_sequence_dependent_parameters.txt' as the input for sequence-dependent values
INFO: Converting temperature from Celsius (52.000000 C°) to simulation units (0.108383)
INFO: Using a maximum backbone force of 5  (the corresponding mbf_xmax is 0.120156) and a far value of 0.04
INFO: Running Debye-Huckel at salt concentration =  0.1
INFO: Using different widths for major and minor grooves
INFO: Temperature change detected (new temperature: 52.00 C, 325.15 K), re-initialising the DNA interaction
DEBUG: Debye-Huckel parameters: Q=0.054300, lambda_0=0.361646, lambda=1.190596, r_high=3.571787, cutoff=6.320478
DEBUG: Debye-Huckel parameters: debye_huckel_RC=5.357681e+00, debye_huckel_B=2.373120e-04
INFO: The Debye length at this temperature and salt concentration is 1.190596
INFO: No order parameters file specified in input file; printing indices of any particle pairs that have a hydrogen bond between them
INFO: No order parameters file specified in input file; printing indices of any particle pairs that have a hydrogen bond between them
INFO: pid: 83081
DEBUG: Debye-Huckel parameters: Q=0.054300, lambda_0=0.361646, lambda=1.190596, r_high=3.571787, cutoff=6.320478
DEBUG: Debye-Huckel parameters: debye_huckel_RC=5.357681e+00, debye_huckel_B=2.373120e-04
INFO: The Debye length at this temperature and salt concentration is 1.190596
INFO: (Cells.cpp) N_cells_side: 3, 3, 3; rcut=6.92048, IS_MC: 0
INFO: N: 74, N molecules: 2
INFO: Using randomly distributed velocities
INFO: Initial kinetic energy: 22.603826
INFO: Langevin thermostat parameters: gamma, gamma_rot, diff, diff_rot: 0.0433533 0.0144511 2.5 7.5
INFO: RELEASE: 
INFO: GIT COMMIT: 
INFO: COMPILED ON: 27/09/23

INFO: Total Running Time: 1295.36 s, per step: 0.129536 ms
INFO: Timings, in seconds, by Timer (total, own, spent in children)
> SimBackend                       1295.356 (100.0)       13.609 (  1.1)     1281.748 ( 98.9)
***> Lists                            5.740 (  0.4)        5.740 (  0.4)        0.000 (  0.0)
***> Thermostat                      46.473 (  3.6)       46.473 (  3.6)        0.000 (  0.0)
***> Forces                        1203.424 ( 92.9)     1203.424 ( 92.9)        0.000 (  0.0)
***> First Step                      19.549 (  1.5)       19.549 (  1.5)        0.000 (  0.0)
***> Observables                      6.563 (  0.5)        6.563 (  0.5)        0.000 (  0.0)

INFO: END OF THE SIMULATION, everything went OK!
INFO: Lists updated 128259 times (every ~77.967238 steps)
INFO: Aggregated I/O statistics (set debug=1 for file-wise information)
	  5.450 MB written to files
	  6.115 KB written to stdout/stderr
	For a total of  0.00421 MB/s

Please cite at least the following publication for any work that uses the oxDNA simulation package
  * E. Poppleton et al., J. Open Source Softw. 8, 4693 (2023), DOI: 10.21105/joss.04693
