INFO: seeding the RNG with 1234323348
INFO: Initializing backend 
INFO: Simulation type: MD
INFO: The generator will try to take into account bonded interactions by choosing distances between bonded neighbours no larger than 2.000000
INFO: Using '/Users/alejandrosoto/Documents/KIT/Tools/oxDNA/oxDNA/oxDNA2_sequence_dependent_parameters.txt' as the input for sequence-dependent values
INFO: Converting temperature from Celsius (40.000000 C°) to simulation units (0.104383)
INFO: Using a maximum backbone force of 5  (the corresponding mbf_xmax is 0.120156) and a far value of 0.04
INFO: Running Debye-Huckel at salt concentration =  0.1
INFO: Using different widths for major and minor grooves
INFO: Temperature change detected (new temperature: 40.00 C, 313.15 K), re-initialising the DNA interaction
DEBUG: Debye-Huckel parameters: Q=0.054300, lambda_0=0.361646, lambda=1.168419, r_high=3.505257, cutoff=6.220683
DEBUG: Debye-Huckel parameters: debye_huckel_RC=5.257886e+00, debye_huckel_B=2.510826e-04
INFO: The Debye length at this temperature and salt concentration is 1.168419
INFO: No order parameters file specified in input file; printing indices of any particle pairs that have a hydrogen bond between them
INFO: No order parameters file specified in input file; printing indices of any particle pairs that have a hydrogen bond between them
INFO: pid: 80971
DEBUG: Debye-Huckel parameters: Q=0.054300, lambda_0=0.361646, lambda=1.168419, r_high=3.505257, cutoff=6.220683
DEBUG: Debye-Huckel parameters: debye_huckel_RC=5.257886e+00, debye_huckel_B=2.510826e-04
INFO: The Debye length at this temperature and salt concentration is 1.168419
INFO: (Cells.cpp) N_cells_side: 3, 3, 3; rcut=6.82068, IS_MC: 0
INFO: N: 74, N molecules: 2
INFO: Using randomly distributed velocities
INFO: Initial kinetic energy: 19.941080
INFO: Langevin thermostat parameters: gamma, gamma_rot, diff, diff_rot: 0.0417533 0.0139178 2.5 7.5
INFO: RELEASE: 
INFO: GIT COMMIT: 
INFO: COMPILED ON: 27/09/23

INFO: Total Running Time: 1267.98 s, per step: 0.126798 ms
INFO: Timings, in seconds, by Timer (total, own, spent in children)
> SimBackend                       1267.979 (100.0)       13.028 (  1.0)     1254.951 ( 99.0)
***> Lists                            5.380 (  0.4)        5.380 (  0.4)        0.000 (  0.0)
***> Thermostat                      46.579 (  3.7)       46.579 (  3.7)        0.000 (  0.0)
***> Forces                        1177.445 ( 92.9)     1177.445 ( 92.9)        0.000 (  0.0)
***> First Step                      19.212 (  1.5)       19.212 (  1.5)        0.000 (  0.0)
***> Observables                      6.336 (  0.5)        6.336 (  0.5)        0.000 (  0.0)

INFO: END OF THE SIMULATION, everything went OK!
INFO: Lists updated 121059 times (every ~82.604350 steps)
INFO: Aggregated I/O statistics (set debug=1 for file-wise information)
	  5.449 MB written to files
	  6.115 KB written to stdout/stderr
	For a total of   0.0043 MB/s

Please cite at least the following publication for any work that uses the oxDNA simulation package
  * E. Poppleton et al., J. Open Source Softw. 8, 4693 (2023), DOI: 10.21105/joss.04693
