INFO: seeding the RNG with 2085405636
INFO: Initializing backend 
INFO: Simulation type: MD
INFO: The generator will try to take into account bonded interactions by choosing distances between bonded neighbours no larger than 2.000000
INFO: Using '/Users/alejandrosoto/Documents/KIT/Tools/oxDNA/oxDNA/oxDNA2_sequence_dependent_parameters.txt' as the input for sequence-dependent values
INFO: Converting temperature from Celsius (45.000000 C°) to simulation units (0.106050)
INFO: Using a maximum backbone force of 5  (the corresponding mbf_xmax is 0.120156) and a far value of 0.04
INFO: Running Debye-Huckel at salt concentration =  0.1
INFO: Using different widths for major and minor grooves
INFO: Temperature change detected (new temperature: 45.00 C, 318.15 K), re-initialising the DNA interaction
DEBUG: Debye-Huckel parameters: Q=0.054300, lambda_0=0.361646, lambda=1.177710, r_high=3.533130, cutoff=6.262493
DEBUG: Debye-Huckel parameters: debye_huckel_RC=5.299695e+00, debye_huckel_B=2.451870e-04
INFO: The Debye length at this temperature and salt concentration is 1.177710
INFO: No order parameters file specified in input file; printing indices of any particle pairs that have a hydrogen bond between them
INFO: No order parameters file specified in input file; printing indices of any particle pairs that have a hydrogen bond between them
INFO: pid: 81632
DEBUG: Debye-Huckel parameters: Q=0.054300, lambda_0=0.361646, lambda=1.177710, r_high=3.533130, cutoff=6.262493
DEBUG: Debye-Huckel parameters: debye_huckel_RC=5.299695e+00, debye_huckel_B=2.451870e-04
INFO: The Debye length at this temperature and salt concentration is 1.177710
INFO: (Cells.cpp) N_cells_side: 3, 3, 3; rcut=6.86249, IS_MC: 0
INFO: N: 74, N molecules: 2
INFO: Using randomly distributed velocities
INFO: Initial kinetic energy: 19.682199
INFO: Langevin thermostat parameters: gamma, gamma_rot, diff, diff_rot: 0.04242 0.01414 2.5 7.5
INFO: RELEASE: 
INFO: GIT COMMIT: 
INFO: COMPILED ON: 27/09/23

INFO: Total Running Time: 1285.41 s, per step: 0.128541 ms
INFO: Timings, in seconds, by Timer (total, own, spent in children)
> SimBackend                       1285.407 (100.0)       14.501 (  1.1)     1270.906 ( 98.9)
***> Lists                            5.671 (  0.4)        5.671 (  0.4)        0.000 (  0.0)
***> Thermostat                      46.814 (  3.6)       46.814 (  3.6)        0.000 (  0.0)
***> Forces                        1191.869 ( 92.7)     1191.869 ( 92.7)        0.000 (  0.0)
***> First Step                      19.556 (  1.5)       19.556 (  1.5)        0.000 (  0.0)
***> Observables                      6.997 (  0.5)        6.997 (  0.5)        0.000 (  0.0)

INFO: END OF THE SIMULATION, everything went OK!
INFO: Lists updated 123166 times (every ~81.191238 steps)
INFO: Aggregated I/O statistics (set debug=1 for file-wise information)
	  5.446 MB written to files
	  6.115 KB written to stdout/stderr
	For a total of  0.00424 MB/s

Please cite at least the following publication for any work that uses the oxDNA simulation package
  * E. Poppleton et al., J. Open Source Softw. 8, 4693 (2023), DOI: 10.21105/joss.04693
