INFO: seeding the RNG with -750515241
INFO: Initializing backend 
INFO: Simulation type: MD
INFO: The generator will try to take into account bonded interactions by choosing distances between bonded neighbours no larger than 2.000000
INFO: Using '/Users/alejandrosoto/Documents/KIT/Tools/oxDNA/oxDNA/oxDNA2_sequence_dependent_parameters.txt' as the input for sequence-dependent values
INFO: Converting temperature from Celsius (77.000000 C°) to simulation units (0.116717)
INFO: Using a maximum backbone force of 5  (the corresponding mbf_xmax is 0.120156) and a far value of 0.04
INFO: Running Debye-Huckel at salt concentration =  0.1
INFO: Using different widths for major and minor grooves
INFO: Temperature change detected (new temperature: 77.00 C, 350.15 K), re-initialising the DNA interaction
DEBUG: Debye-Huckel parameters: Q=0.054300, lambda_0=0.361646, lambda=1.235519, r_high=3.706558, cutoff=6.522634
DEBUG: Debye-Huckel parameters: debye_huckel_RC=5.559836e+00, debye_huckel_B=2.123558e-04
INFO: The Debye length at this temperature and salt concentration is 1.235519
INFO: No order parameters file specified in input file; printing indices of any particle pairs that have a hydrogen bond between them
INFO: No order parameters file specified in input file; printing indices of any particle pairs that have a hydrogen bond between them
INFO: pid: 15759
DEBUG: Debye-Huckel parameters: Q=0.054300, lambda_0=0.361646, lambda=1.235519, r_high=3.706558, cutoff=6.522634
DEBUG: Debye-Huckel parameters: debye_huckel_RC=5.559836e+00, debye_huckel_B=2.123558e-04
INFO: The Debye length at this temperature and salt concentration is 1.235519
INFO: (Cells.cpp) N_cells_side: 4, 4, 4; rcut=7.12263, IS_MC: 0
INFO: N: 120, N molecules: 3
INFO: Using randomly distributed velocities
INFO: Initial kinetic energy: 44.247243
INFO: Langevin thermostat parameters: gamma, gamma_rot, diff, diff_rot: 0.0466867 0.0155622 2.5 7.5
INFO: RELEASE: 
INFO: GIT COMMIT: 
INFO: COMPILED ON: 27/09/23

INFO: Total Running Time: 1353.19 s, per step: 0.135319 ms
INFO: Timings, in seconds, by Timer (total, own, spent in children)
> SimBackend                       1353.185 (100.0)       14.355 (  1.1)     1338.831 ( 98.9)
***> Lists                            9.811 (  0.7)        9.811 (  0.7)        0.000 (  0.0)
***> Thermostat                      73.574 (  5.4)       73.574 (  5.4)        0.000 (  0.0)
***> Forces                        1216.234 ( 89.9)     1216.234 ( 89.9)        0.000 (  0.0)
***> First Step                      31.626 (  2.3)       31.626 (  2.3)        0.000 (  0.0)
***> Observables                      7.586 (  0.6)        7.586 (  0.6)        0.000 (  0.0)

INFO: END OF THE SIMULATION, everything went OK!
INFO: Lists updated 175732 times (every ~56.904832 steps)
INFO: Aggregated I/O statistics (set debug=1 for file-wise information)
	  6.618 MB written to files
	  6.115 KB written to stdout/stderr
	For a total of  0.00489 MB/s

Please cite at least the following publication for any work that uses the oxDNA simulation package
  * E. Poppleton et al., J. Open Source Softw. 8, 4693 (2023), DOI: 10.21105/joss.04693
