INFO: seeding the RNG with 2063053569
INFO: Initializing backend 
INFO: Simulation type: MD
INFO: The generator will try to take into account bonded interactions by choosing distances between bonded neighbours no larger than 2.000000
INFO: Using '/Users/alejandrosoto/Documents/KIT/Tools/oxDNA/oxDNA/oxDNA2_sequence_dependent_parameters.txt' as the input for sequence-dependent values
INFO: Converting temperature from Celsius (75.000000 C°) to simulation units (0.116050)
INFO: Using a maximum backbone force of 5  (the corresponding mbf_xmax is 0.120156) and a far value of 0.04
INFO: Running Debye-Huckel at salt concentration =  0.1
INFO: Using different widths for major and minor grooves
INFO: Temperature change detected (new temperature: 75.00 C, 348.15 K), re-initialising the DNA interaction
DEBUG: Debye-Huckel parameters: Q=0.054300, lambda_0=0.361646, lambda=1.231986, r_high=3.695957, cutoff=6.506733
DEBUG: Debye-Huckel parameters: debye_huckel_RC=5.543935e+00, debye_huckel_B=2.141883e-04
INFO: The Debye length at this temperature and salt concentration is 1.231986
INFO: No order parameters file specified in input file; printing indices of any particle pairs that have a hydrogen bond between them
INFO: No order parameters file specified in input file; printing indices of any particle pairs that have a hydrogen bond between them
INFO: pid: 89618
DEBUG: Debye-Huckel parameters: Q=0.054300, lambda_0=0.361646, lambda=1.231986, r_high=3.695957, cutoff=6.506733
DEBUG: Debye-Huckel parameters: debye_huckel_RC=5.543935e+00, debye_huckel_B=2.141883e-04
INFO: The Debye length at this temperature and salt concentration is 1.231986
INFO: (Cells.cpp) N_cells_side: 3, 3, 3; rcut=7.10673, IS_MC: 0
INFO: N: 74, N molecules: 2
INFO: Using randomly distributed velocities
INFO: Initial kinetic energy: 28.088754
INFO: Langevin thermostat parameters: gamma, gamma_rot, diff, diff_rot: 0.04642 0.0154733 2.5 7.5
INFO: RELEASE: 
INFO: GIT COMMIT: 
INFO: COMPILED ON: 27/09/23

INFO: Total Running Time: 1229.1 s, per step: 0.12291 ms
INFO: Timings, in seconds, by Timer (total, own, spent in children)
> SimBackend                       1229.101 (100.0)       13.250 (  1.1)     1215.851 ( 98.9)
***> Lists                            6.355 (  0.5)        6.355 (  0.5)        0.000 (  0.0)
***> Thermostat                      44.777 (  3.6)       44.777 (  3.6)        0.000 (  0.0)
***> Forces                        1139.015 ( 92.7)     1139.015 ( 92.7)        0.000 (  0.0)
***> First Step                      19.313 (  1.6)       19.313 (  1.6)        0.000 (  0.0)
***> Observables                      6.391 (  0.5)        6.391 (  0.5)        0.000 (  0.0)

INFO: END OF THE SIMULATION, everything went OK!
INFO: Lists updated 154596 times (every ~64.684727 steps)
INFO: Aggregated I/O statistics (set debug=1 for file-wise information)
	  4.853 MB written to files
	  6.115 KB written to stdout/stderr
	For a total of  0.00395 MB/s

Please cite at least the following publication for any work that uses the oxDNA simulation package
  * E. Poppleton et al., J. Open Source Softw. 8, 4693 (2023), DOI: 10.21105/joss.04693
