INFO: seeding the RNG with 1353078083
INFO: Initializing backend 
INFO: Simulation type: MD
INFO: The generator will try to take into account bonded interactions by choosing distances between bonded neighbours no larger than 2.000000
INFO: Using '/Users/alejandrosoto/Documents/KIT/Tools/oxDNA/oxDNA/oxDNA2_sequence_dependent_parameters.txt' as the input for sequence-dependent values
INFO: Converting temperature from Celsius (77.000000 C°) to simulation units (0.116717)
INFO: Using a maximum backbone force of 5  (the corresponding mbf_xmax is 0.120156) and a far value of 0.04
INFO: Running Debye-Huckel at salt concentration =  0.1
INFO: Using different widths for major and minor grooves
INFO: Temperature change detected (new temperature: 77.00 C, 350.15 K), re-initialising the DNA interaction
DEBUG: Debye-Huckel parameters: Q=0.054300, lambda_0=0.361646, lambda=1.235519, r_high=3.706558, cutoff=6.522634
DEBUG: Debye-Huckel parameters: debye_huckel_RC=5.559836e+00, debye_huckel_B=2.123558e-04
INFO: The Debye length at this temperature and salt concentration is 1.235519
INFO: No order parameters file specified in input file; printing indices of any particle pairs that have a hydrogen bond between them
INFO: No order parameters file specified in input file; printing indices of any particle pairs that have a hydrogen bond between them
INFO: pid: 90983
DEBUG: Debye-Huckel parameters: Q=0.054300, lambda_0=0.361646, lambda=1.235519, r_high=3.706558, cutoff=6.522634
DEBUG: Debye-Huckel parameters: debye_huckel_RC=5.559836e+00, debye_huckel_B=2.123558e-04
INFO: The Debye length at this temperature and salt concentration is 1.235519
INFO: (Cells.cpp) N_cells_side: 3, 3, 3; rcut=7.12263, IS_MC: 0
INFO: N: 74, N molecules: 2
INFO: Using randomly distributed velocities
INFO: Initial kinetic energy: 23.990553
INFO: Langevin thermostat parameters: gamma, gamma_rot, diff, diff_rot: 0.0466867 0.0155622 2.5 7.5
INFO: RELEASE: 
INFO: GIT COMMIT: 
INFO: COMPILED ON: 27/09/23

INFO: Total Running Time: 951.875 s, per step: 0.0951875 ms
INFO: Timings, in seconds, by Timer (total, own, spent in children)
> SimBackend                        951.875 (100.0)       14.040 (  1.5)      937.835 ( 98.5)
***> Lists                            6.513 (  0.7)        6.513 (  0.7)        0.000 (  0.0)
***> Thermostat                      45.255 (  4.8)       45.255 (  4.8)        0.000 (  0.0)
***> Forces                         859.915 ( 90.3)      859.915 ( 90.3)        0.000 (  0.0)
***> First Step                      19.527 (  2.1)       19.527 (  2.1)        0.000 (  0.0)
***> Observables                      6.625 (  0.7)        6.625 (  0.7)        0.000 (  0.0)

INFO: END OF THE SIMULATION, everything went OK!
INFO: Lists updated 164752 times (every ~60.697290 steps)
INFO: Aggregated I/O statistics (set debug=1 for file-wise information)
	  4.222 MB written to files
	  6.115 KB written to stdout/stderr
	For a total of  0.00444 MB/s

Please cite at least the following publication for any work that uses the oxDNA simulation package
  * E. Poppleton et al., J. Open Source Softw. 8, 4693 (2023), DOI: 10.21105/joss.04693
