INFO: seeding the RNG with -1836579357
INFO: Initializing backend 
INFO: Simulation type: MD
INFO: The generator will try to take into account bonded interactions by choosing distances between bonded neighbours no larger than 2.000000
INFO: Using '/Users/alejandrosoto/Documents/KIT/Tools/oxDNA/oxDNA/oxDNA2_sequence_dependent_parameters.txt' as the input for sequence-dependent values
INFO: Converting temperature from Celsius (50.000000 C°) to simulation units (0.107717)
INFO: Using a maximum backbone force of 5  (the corresponding mbf_xmax is 0.120156) and a far value of 0.04
INFO: Running Debye-Huckel at salt concentration =  0.1
INFO: Using different widths for major and minor grooves
INFO: Temperature change detected (new temperature: 50.00 C, 323.15 K), re-initialising the DNA interaction
DEBUG: Debye-Huckel parameters: Q=0.054300, lambda_0=0.361646, lambda=1.186928, r_high=3.560785, cutoff=6.303975
DEBUG: Debye-Huckel parameters: debye_huckel_RC=5.341178e+00, debye_huckel_B=2.395185e-04
INFO: The Debye length at this temperature and salt concentration is 1.186928
INFO: No order parameters file specified in input file; printing indices of any particle pairs that have a hydrogen bond between them
INFO: No order parameters file specified in input file; printing indices of any particle pairs that have a hydrogen bond between them
INFO: pid: 82273
DEBUG: Debye-Huckel parameters: Q=0.054300, lambda_0=0.361646, lambda=1.186928, r_high=3.560785, cutoff=6.303975
DEBUG: Debye-Huckel parameters: debye_huckel_RC=5.341178e+00, debye_huckel_B=2.395185e-04
INFO: The Debye length at this temperature and salt concentration is 1.186928
INFO: (Cells.cpp) N_cells_side: 3, 3, 3; rcut=6.90398, IS_MC: 0
INFO: N: 74, N molecules: 2
INFO: Using randomly distributed velocities
INFO: Initial kinetic energy: 24.678116
INFO: Langevin thermostat parameters: gamma, gamma_rot, diff, diff_rot: 0.0430867 0.0143622 2.5 7.5
INFO: RELEASE: 
INFO: GIT COMMIT: 
INFO: COMPILED ON: 27/09/23

INFO: Total Running Time: 1284.32 s, per step: 0.128432 ms
INFO: Timings, in seconds, by Timer (total, own, spent in children)
> SimBackend                       1284.318 (100.0)       13.362 (  1.0)     1270.955 ( 99.0)
***> Lists                            5.635 (  0.4)        5.635 (  0.4)        0.000 (  0.0)
***> Thermostat                      45.026 (  3.5)       45.026 (  3.5)        0.000 (  0.0)
***> Forces                        1194.565 ( 93.0)     1194.565 ( 93.0)        0.000 (  0.0)
***> First Step                      19.314 (  1.5)       19.314 (  1.5)        0.000 (  0.0)
***> Observables                      6.415 (  0.5)        6.415 (  0.5)        0.000 (  0.0)

INFO: END OF THE SIMULATION, everything went OK!
INFO: Lists updated 128101 times (every ~78.063403 steps)
INFO: Aggregated I/O statistics (set debug=1 for file-wise information)
	  5.438 MB written to files
	  6.115 KB written to stdout/stderr
	For a total of  0.00424 MB/s

Please cite at least the following publication for any work that uses the oxDNA simulation package
  * E. Poppleton et al., J. Open Source Softw. 8, 4693 (2023), DOI: 10.21105/joss.04693
