INFO: seeding the RNG with 1573061728
INFO: Initializing backend 
INFO: Simulation type: MD
INFO: The generator will try to take into account bonded interactions by choosing distances between bonded neighbours no larger than 2.000000
INFO: Using '/Users/alejandrosoto/Documents/KIT/Tools/oxDNA/oxDNA/oxDNA2_sequence_dependent_parameters.txt' as the input for sequence-dependent values
INFO: Converting temperature from Celsius (25.000000 C°) to simulation units (0.099383)
INFO: Using a maximum backbone force of 5  (the corresponding mbf_xmax is 0.120156) and a far value of 0.04
INFO: Running Debye-Huckel at salt concentration =  0.1
INFO: Using different widths for major and minor grooves
INFO: Temperature change detected (new temperature: 25.00 C, 298.15 K), re-initialising the DNA interaction
DEBUG: Debye-Huckel parameters: Q=0.054300, lambda_0=0.361646, lambda=1.140092, r_high=3.420276, cutoff=6.093211
DEBUG: Debye-Huckel parameters: debye_huckel_RC=5.130413e+00, debye_huckel_B=2.702670e-04
INFO: The Debye length at this temperature and salt concentration is 1.140092
INFO: No order parameters file specified in input file; printing indices of any particle pairs that have a hydrogen bond between them
INFO: No order parameters file specified in input file; printing indices of any particle pairs that have a hydrogen bond between them
INFO: pid: 10070
DEBUG: Debye-Huckel parameters: Q=0.054300, lambda_0=0.361646, lambda=1.140092, r_high=3.420276, cutoff=6.093211
DEBUG: Debye-Huckel parameters: debye_huckel_RC=5.130413e+00, debye_huckel_B=2.702670e-04
INFO: The Debye length at this temperature and salt concentration is 1.140092
INFO: (Cells.cpp) N_cells_side: 5, 5, 5; rcut=6.69321, IS_MC: 0
INFO: N: 120, N molecules: 3
INFO: Using randomly distributed velocities
INFO: Initial kinetic energy: 37.245629
INFO: Langevin thermostat parameters: gamma, gamma_rot, diff, diff_rot: 0.0397533 0.0132511 2.5 7.5
INFO: RELEASE: 
INFO: GIT COMMIT: 
INFO: COMPILED ON: 27/09/23

INFO: Total Running Time: 2541.91 s, per step: 0.254191 ms
INFO: Timings, in seconds, by Timer (total, own, spent in children)
> SimBackend                       2541.906 (100.0)       14.141 (  0.6)     2527.765 ( 99.4)
***> Lists                            9.507 (  0.4)        9.507 (  0.4)        0.000 (  0.0)
***> Thermostat                      71.169 (  2.8)       71.169 (  2.8)        0.000 (  0.0)
***> Forces                        2408.198 ( 94.7)     2408.198 ( 94.7)        0.000 (  0.0)
***> First Step                      30.266 (  1.2)       30.266 (  1.2)        0.000 (  0.0)
***> Observables                      8.625 (  0.3)        8.625 (  0.3)        0.000 (  0.0)

INFO: END OF THE SIMULATION, everything went OK!
INFO: Lists updated 120735 times (every ~82.826024 steps)
INFO: Aggregated I/O statistics (set debug=1 for file-wise information)
	  8.873 MB written to files
	  6.115 KB written to stdout/stderr
	For a total of  0.00349 MB/s

Please cite at least the following publication for any work that uses the oxDNA simulation package
  * E. Poppleton et al., J. Open Source Softw. 8, 4693 (2023), DOI: 10.21105/joss.04693
